color dark-gray/black black/dark-gray
graphicsmode -1 1024
font /unifont.hex.gz
calc 29<<2+*0x8304 > nul
calc *%@retval%+8 > nul
calc *%@retval%=*%@retval%&0xffffff > nul

title Computer Maintaining Disk
clear

##########################################################
title
clear

title  2. Acronis True Image Home 2017
map (hd1) (hd0)
map (hd0) (hd1)
find --set-root /ISO/Acronis2017.iso
map /ISO/Acronis2017.iso (hd32)
map --hook
chainloader (hd32)
boot

title  3. SPFDisk(2000-03v)
map /FDD/SPFDISK_2000-03v.IMG (fd0)
map --hook
chainloader (fd0)+1
rootnoverify (fd0)

title  4. SPFDisk(2012-4bc)
map /FDD/SPFDISK_2012-4bc.IMG (fd0)
map --hook
chainloader (fd0)+1
rootnoverify (fd0)

title  5. Memtest86+ 2.11
map (hd0,0)/FDD/Memtest86+2.11.IMG (fd0)
map --hook
chainloader (fd0)+1
rootnoverify (fd0)

title  6. Memtest86+ 5.01
#kernel /FDD/MemTest_5.0.BIN
map (hd0,0)/ISO/Memtest86+5.01.iso (hd32)
map --hook
chainloader (hd32)
boot

title  7. HDD Regenerator 1.71
map /FDD/HDDREG_1.71.img (fd0)
map --hook
chainloader (fd0)+1
rootnoverify (fd0)

title  8. HDD Regenerator 2011
find --set-root /FDD/HDDREG_2011.img
map /FDD/HDDREG_2011.img (fd0)
map --hook
chainloader (fd0)+1
rootnoverify (fd0)

title  9. Partition Assistant
map (hd0,0)/ISO/PartAssist_WinPE.iso (hd32)
map --hook
chainloader (hd32)
boot

title 10. DiskGenius
map /FDD/DISKGEN.IMG (fd0)
map --hook
chainloader (fd0)+1
rootnoverify (fd0)

title 11. MHDD v4.6
map /FDD/MHDD4.6.IMG (fd0)
map --hook
chainloader (fd0)+1
rootnoverify (fd0)

title 12. PC-DOCTOR
map (hd0,0)/ISO/PC-DOCTOR.iso (hd32)
map --hook
chainloader (hd32)
boot

title 13. PC-Check
map (hd0,0)/ISO/PC-Check.iso (hd32)
map --hook
chainloader (hd32)
boot

title 14. QuickTech 5.8
map /FDD/QuickTech-5.8.IMG (fd0)
map --hook
chainloader (fd0)+1
rootnoverify (fd0)

title 15. Ghost 11.5.1\n 較慢，支援4K對齊
map /FDD/GHO1151.IMG (fd0)
map --hook
chainloader (fd0)+1
rootnoverify (fd0)

title 16. Ghost 11.0.2\n 較快，不支援4K對齊  
map /FDD/GHO1102.IMG (fd0)
map --hook
chainloader (fd0)+1
rootnoverify (fd0)

title 17. Clonezilla
map (hd1) (hd0)
map (hd0) (hd1)
find --set-root /ISO/Clonezilla.iso
map /ISO/Clonezilla.iso (hd32)
map --hook
chainloader (hd32)
boot

#title 18. kon-boot 2.5\n Password 
#kernel /kernel/memdisk
#initrd /FDD/kon-boot2.4.img
#map (hd0) (hd1)
#map (hd1) (hd0)
#map --hook
##chainloader (hd0)+1
##boot
#
#title Kon-Boot  官方 menu.lst 寫法，多了 --mem 紀錄檔案於記憶體
#map --mem /konboot.img (fd0)
#map --hook
#chainloader (fd0)+1
#map (hd1) (hd0)
#map --hook
#rootnoverify (fd0)

title 18. kon-boot 2.5\n Password 
map /FDD/kon-boot2.5.img (fd0)
map --hook
chainloader (fd0)+1
map (hd1) (hd0)
map --hook
rootnoverify (fd0)

##########################################################
title
clear

title 20. XPE
#find --set-root /ISO/NoNameXpeExtra3_v20161006.iso
map /ISO/NoNameXpeExtra3_v20161006.iso (0xff)
map --hook
chainloader (0xff)

title 21. Windows 7 PE
map /ISO/WIN7PE_tw_By_Teddy_20130331.ISO (0xff)
map --hook
chainloader (0xff)/bootmgr

title 22. Windows 10 PE
find --set-root /bootmgr
chainloader /bootmgr
boot

title 23. Install Windows Vista zh-TW SP2
map (hd1) (hd0)
map (hd0) (hd1)
find --set-root /ISO/VistaSP2.iso
map /ISO/VistaSP2.iso (hd32)
map --hook
chainloader (hd32)
boot

title 24. Install Windows 7 SP1 64bit
map (hd1) (hd0)
map (hd0) (hd1)
find --set-root /ISO/Win7SP1_64bit.iso
map /ISO/Win7SP1_64bit.iso (hd32)
map --hook
chainloader (hd32)
boot

##########################################################
title
clear

title 26. HDD Boot
map (hd0) (hd1)
map (hd1) (hd0)
map --hook
rootnoverify (hd0)
chainloader +1

title 27. Reboot
reboot

title 28. Shutdown
halt
